#
# An unexpected error has been detected by Java Runtime Environment:
#
#  EXCEPTION_ACCESS_VIOLATION (0xc0000005) at pc=0x79965172, pid=3560, tid=5256
#
# Java VM: Java HotSpot(TM) Client VM (11.2-b01 mixed mode windows-x86)
# Problematic frame:
# C  [awt.dll+0x75172]
#
# If you would like to submit a bug report, please visit:
#   http://java.sun.com/webapps/bugreport/crash.jsp
# The crash happened outside the Java Virtual Machine in native code.
# See problematic frame for where to report the bug.
#

---------------  T H R E A D  ---------------

Current thread (0x1686e800):  JavaThread "AWT-Windows" daemon [_thread_in_native, id=5256, stack(0x16ef0000,0x16f70000)]

siginfo: ExceptionCode=0xc0000005, reading address 0x00000044

Registers:
EAX=0x00000000, EBX=0x00000001, ECX=0x00000000, EDX=0x00000000
ESP=0x16f6f994, EBP=0x16f6f9cc, ESI=0x1686e914, EDI=0x00000000
EIP=0x79965172, EFLAGS=0x00010246

Top of Stack: (sp=0x16f6f994)
0x16f6f994:   00009813 1686e914 7998c397 00000000
0x16f6f9a4:   16f6fa34 7998bf60 00000000 1686f0d8
0x16f6f9b4:   1686f4a4 1686e914 16f6f9a4 16f6fa50
0x16f6f9c4:   799af998 00000001 16f6f9f8 7e418734
0x16f6f9d4:   00050318 00009813 00390548 00000000
0x16f6f9e4:   7998bf60 dcbaabcd 00000000 16f6fa34
0x16f6f9f4:   7998bf60 16f6fa60 7e418816 7998bf60
0x16f6fa04:   00050318 00009813 00390548 00000000 

Instructions: (pc=0x79965172)
0x79965162:   ce e8 88 bf 00 00 8b b6 84 01 00 00 85 f6 75 03
0x79965172:   8b 77 44 8b 44 24 0c 50 56 e8 88 86 04 00 5f 5e 


Stack: [0x16ef0000,0x16f70000],  sp=0x16f6f994,  free space=510k
Native frames: (J=compiled Java code, j=interpreted, Vv=VM code, C=native code)
C  [awt.dll+0x75172]
C  [USER32.dll+0x8734]
C  [USER32.dll+0x8816]
C  [USER32.dll+0x18ea0]
C  [USER32.dll+0x18eec]
C  [ntdll.dll+0xe473]
C  [USER32.dll+0x9402]

Java frames: (J=compiled Java code, j=interpreted, Vv=VM code)
j  sun.awt.windows.WToolkit.eventLoop()V+0
j  sun.awt.windows.WToolkit.run()V+69
j  java.lang.Thread.run()V+11
v  ~StubRoutines::call_stub

---------------  P R O C E S S  ---------------

Java Threads: ( => current thread )
  0x1d78a000 JavaThread "Image Fetcher 1" daemon [_thread_blocked, id=5552, stack(0x189c0000,0x18a40000)]
  0x17beb800 JavaThread "Image Fetcher 0" daemon [_thread_blocked, id=2988, stack(0x18940000,0x189c0000)]
  0x17b47800 JavaThread "Thread-1652" [_thread_blocked, id=1420, stack(0x188c0000,0x18940000)]
  0x17bcb400 JavaThread "Active Reference Queue Daemon" daemon [_thread_blocked, id=4616, stack(0x21e30000,0x21eb0000)]
  0x179c1800 JavaThread "Timer-79" daemon [_thread_blocked, id=4600, stack(0x21db0000,0x21e30000)]
  0x17775800 JavaThread "Timer-InstrumentReadWritePoll" [_thread_blocked, id=340, stack(0x225b0000,0x22630000)]
  0x17adb000 JavaThread "FelixPackageAdmin" daemon [_thread_blocked, id=4732, stack(0x1e710000,0x1e790000)]
  0x17729c00 JavaThread "FelixStartLevel" daemon [_thread_blocked, id=3732, stack(0x1d690000,0x1d710000)]
  0x1d710400 JavaThread "FelixDispatchQueue" daemon [_thread_blocked, id=3580, stack(0x1d610000,0x1d690000)]
  0x17939800 JavaThread "Timer-3" daemon [_thread_blocked, id=4840, stack(0x19420000,0x194a0000)]
  0x177e1000 JavaThread "Prefs Updater" daemon [_thread_blocked, id=4196, stack(0x19220000,0x192a0000)]
  0x177e0400 JavaThread "Timer-1" [_thread_blocked, id=4016, stack(0x18140000,0x181c0000)]
  0x1753a800 JavaThread "TimerQueue" daemon [_thread_blocked, id=4744, stack(0x18060000,0x180e0000)]
  0x17560400 JavaThread "AWT-EventQueue-0" [_thread_in_native, id=4752, stack(0x17fd0000,0x18050000)]
  0x1688a000 JavaThread "Timer-0" [_thread_blocked, id=2376, stack(0x16f80000,0x17000000)]
=>0x1686e800 JavaThread "AWT-Windows" daemon [_thread_in_native, id=5256, stack(0x16ef0000,0x16f70000)]
  0x1687b800 JavaThread "AWT-Shutdown" [_thread_blocked, id=2720, stack(0x16e70000,0x16ef0000)]
  0x16830800 JavaThread "Java2D Disposer" daemon [_thread_blocked, id=4860, stack(0x16df0000,0x16e70000)]
  0x06d0fc00 JavaThread "JMI Unnamed Thread" [_thread_in_native, id=4772, stack(0x03c10000,0x04410000)]
  0x06caac00 JavaThread "Low Memory Detector" daemon [_thread_blocked, id=5260, stack(0x15f70000,0x15ff0000)]
  0x06ca4800 JavaThread "CompilerThread0" daemon [_thread_blocked, id=2540, stack(0x15770000,0x15f70000)]
  0x06ca3400 JavaThread "Attach Listener" daemon [_thread_blocked, id=1728, stack(0x156f0000,0x15770000)]
  0x06c90400 JavaThread "Finalizer" daemon [_thread_blocked, id=4796, stack(0x15670000,0x156f0000)]
  0x06c8ec00 JavaThread "Reference Handler" daemon [_thread_blocked, id=4792, stack(0x155f0000,0x15670000)]
  0x030ae400 JavaThread "main" [_thread_in_native, id=860, stack(0x00430000,0x00c30000)]

Other Threads:
  0x06c89c00 VMThread [stack: 0x14df0000,0x155f0000] [id=4788]
  0x06cb5c00 WatcherThread [stack: 0x15ff0000,0x167f0000] [id=1752]

VM state:not at safepoint (normal execution)

VM Mutex/Monitor currently owned by a thread: None

Heap
 def new generation   total 14784K, used 7190K [0x08d10000, 0x09d10000, 0x0ad10000)
  eden space 13184K,  44% used [0x08d10000, 0x092c23e0, 0x099f0000)
  from space 1600K,  84% used [0x099f0000, 0x09b43550, 0x09b80000)
  to   space 1600K,   0% used [0x09b80000, 0x09b80000, 0x09d10000)
 tenured generation   total 49152K, used 39466K [0x0ad10000, 0x0dd10000, 0x10d10000)
   the space 49152K,  80% used [0x0ad10000, 0x0d39aa60, 0x0d39ac00, 0x0dd10000)
 compacting perm gen  total 36352K, used 36111K [0x10d10000, 0x13090000, 0x14d10000)
   the space 36352K,  99% used [0x10d10000, 0x13053de0, 0x13053e00, 0x13090000)
No shared spaces configured.

Dynamic libraries:
0x00400000 - 0x00425000 	C:\MATLABr2010a\bin\win32\MATLAB.exe
0x7c900000 - 0x7c9b2000 	C:\WINDOWS\system32\ntdll.dll
0x7c800000 - 0x7c8f6000 	C:\WINDOWS\system32\kernel32.dll
0x7b940000 - 0x7b9ec000 	C:\MATLABr2010a\bin\win32\libut.dll
0x76c90000 - 0x76cb8000 	C:\WINDOWS\system32\imagehlp.dll
0x77c10000 - 0x77c68000 	C:\WINDOWS\system32\msvcrt.dll
0x76bf0000 - 0x76bfb000 	C:\WINDOWS\system32\PSAPI.DLL
0x7bfa0000 - 0x7bfbf000 	C:\MATLABr2010a\bin\win32\LIBEXPAT.dll
0x78130000 - 0x781cb000 	C:\WINDOWS\WinSxS\x86_Microsoft.VC80.CRT_1fc8b3b9a1e18e3b_8.0.50727.4053_x-ww_e6967989\MSVCR80.dll
0x7bd50000 - 0x7be38000 	C:\MATLABr2010a\bin\win32\icuuc40.dll
0x77dd0000 - 0x77e6b000 	C:\WINDOWS\system32\ADVAPI32.dll
0x77e70000 - 0x77f03000 	C:\WINDOWS\system32\RPCRT4.dll
0x77fe0000 - 0x77ff1000 	C:\WINDOWS\system32\Secur32.dll
0x7b4b0000 - 0x7b4b4000 	C:\MATLABr2010a\bin\win32\icudt40.dll
0x7b4c0000 - 0x7b4cc000 	C:\MATLABr2010a\bin\win32\icuio40.dll
0x7b670000 - 0x7b768000 	C:\MATLABr2010a\bin\win32\icuin40.dll
0x7c420000 - 0x7c4a7000 	C:\WINDOWS\WinSxS\x86_Microsoft.VC80.CRT_1fc8b3b9a1e18e3b_8.0.50727.4053_x-ww_e6967989\MSVCP80.dll
0x7e410000 - 0x7e4a1000 	C:\WINDOWS\system32\USER32.dll
0x77f10000 - 0x77f59000 	C:\WINDOWS\system32\GDI32.dll
0x78770000 - 0x787ee000 	C:\MATLABr2010a\bin\win32\libmwfl.dll
0x7d160000 - 0x7d16e000 	C:\MATLABr2010a\bin\win32\boost_date_time-vc80-mt-1_36.dll
0x7d330000 - 0x7d346000 	C:\MATLABr2010a\bin\win32\boost_filesystem-vc80-mt-1_36.dll
0x7c500000 - 0x7c507000 	C:\MATLABr2010a\bin\win32\boost_system-vc80-mt-1_36.dll
0x7d050000 - 0x7d060000 	C:\MATLABr2010a\bin\win32\boost_signals-vc80-mt-1_36.dll
0x7b4a0000 - 0x7b4ac000 	C:\MATLABr2010a\bin\win32\boost_thread-vc80-mt-1_36.dll
0x7ba50000 - 0x7bc63000 	C:\MATLABr2010a\bin\win32\libmwservices.dll
0x7b9f0000 - 0x7ba4d000 	C:\MATLABr2010a\bin\win32\libmx.dll
0x78c90000 - 0x78ca3000 	C:\MATLABr2010a\bin\win32\zlib1.dll
0x7bc70000 - 0x7bd47000 	C:\MATLABr2010a\bin\win32\libmwmathutil.dll
0x79e30000 - 0x79e6a000 	C:\MATLABr2010a\bin\win32\mpath.dll
0x7c0a0000 - 0x7c166000 	C:\MATLABr2010a\bin\win32\mlutil.dll
0x7cfb0000 - 0x7d00e000 	C:\MATLABr2010a\bin\win32\xmlcore.dll
0x79720000 - 0x798e2000 	C:\MATLABr2010a\bin\win32\xerces-c_2_7.dll
0x71ab0000 - 0x71ac7000 	C:\WINDOWS\system32\WS2_32.dll
0x71aa0000 - 0x71aa8000 	C:\WINDOWS\system32\WS2HELP.dll
0x00c30000 - 0x01447000 	C:\WINDOWS\system32\SHELL32.dll
0x77f60000 - 0x77fd6000 	C:\WINDOWS\system32\SHLWAPI.dll
0x78720000 - 0x7874e000 	C:\MATLABr2010a\bin\win32\tbb.dll
0x01450000 - 0x014ea000 	C:\WINDOWS\system32\COMCTL32.dll
0x763b0000 - 0x763f9000 	C:\WINDOWS\system32\comdlg32.dll
0x00370000 - 0x003c5000 	C:\WINDOWS\system32\NETAPI32.dll
0x7a0e0000 - 0x7a144000 	C:\MATLABr2010a\bin\win32\mcr.dll
0x7e890000 - 0x7e8a9000 	C:\MATLABr2010a\bin\win32\libmwi18n.dll
0x7b4d0000 - 0x7b539000 	C:\MATLABr2010a\bin\win32\iqm.dll
0x7a6c0000 - 0x7ab7b000 	C:\MATLABr2010a\bin\win32\m_interpreter.dll
0x7b550000 - 0x7b561000 	C:\MATLABr2010a\bin\win32\libmex.dll
0x79fb0000 - 0x7a017000 	C:\MATLABr2010a\bin\win32\m_dispatcher.dll
0x7d280000 - 0x7d31d000 	C:\MATLABr2010a\bin\win32\boost_regex-vc80-mt-1_36.dll
0x79ec0000 - 0x79f1b000 	C:\MATLABr2010a\bin\win32\profiler.dll
0x7b5d0000 - 0x7b5f2000 	C:\MATLABr2010a\bin\win32\libmwmathrng.dll
0x78c00000 - 0x78c12000 	C:\MATLABr2010a\bin\win32\m_pcodeio.dll
0x79df0000 - 0x79e27000 	C:\MATLABr2010a\bin\win32\m_ir.dll
0x7a1d0000 - 0x7a6bd000 	C:\MATLABr2010a\bin\win32\m_parser.dll
0x7b540000 - 0x7b54e000 	C:\MATLABr2010a\bin\win32\ir_xfmr.dll
0x787f0000 - 0x7894e000 	C:\MATLABr2010a\bin\win32\mcos.dll
0x7b610000 - 0x7b61a000 	C:\MATLABr2010a\bin\win32\mtok.dll
0x78be0000 - 0x78bfa000 	C:\MATLABr2010a\bin\win32\m_pcodegen.dll
0x7e810000 - 0x7e844000 	C:\MATLABr2010a\bin\win32\libmwspmatrix.dll
0x7e850000 - 0x7e871000 	C:\MATLABr2010a\bin\win32\libmwbridge.dll
0x7b180000 - 0x7b209000 	C:\MATLABr2010a\bin\win32\udd.dll
0x7be40000 - 0x7bf3f000 	C:\MATLABr2010a\bin\win32\libmwgui.dll
0x78cf0000 - 0x7914f000 	C:\MATLABr2010a\bin\win32\hg.dll
0x78b60000 - 0x78b92000 	C:\MATLABr2010a\bin\win32\libmat.dll
0x7b770000 - 0x7b939000 	C:\MATLABr2010a\bin\win32\libhdf5.dll
0x79d40000 - 0x79d96000 	C:\MATLABr2010a\bin\win32\jmi.dll
0x79a40000 - 0x79a70000 	C:\MATLABr2010a\bin\win32\libmwhardcopy.dll
0x79da0000 - 0x79de3000 	C:\MATLABr2010a\bin\win32\libuij.dll
0x78630000 - 0x7871f000 	C:\MATLABr2010a\bin\win32\hgdatatypes.dll
0x785c0000 - 0x78628000 	C:\MATLABr2010a\bin\win32\hgutils.dll
0x78ba0000 - 0x78bd4000 	C:\MATLABr2010a\bin\win32\libmwlapack.dll
0x7b580000 - 0x7b58e000 	C:\MATLABr2010a\bin\win32\libmwbinder.dll
0x7b210000 - 0x7b492000 	C:\MATLABr2010a\bin\win32\uiw.dll
0x7b660000 - 0x7b669000 	C:\MATLABr2010a\bin\win32\uinone.dll
0x781d0000 - 0x782e0000 	C:\WINDOWS\WinSxS\x86_Microsoft.VC80.MFC_1fc8b3b9a1e18e3b_8.0.50727.4053_x-ww_b77cec8e\MFC80.DLL
0x73000000 - 0x73026000 	C:\WINDOWS\system32\WINSPOOL.DRV
0x774e0000 - 0x7761e000 	C:\WINDOWS\system32\ole32.dll
0x77120000 - 0x771ab000 	C:\WINDOWS\system32\OLEAUT32.dll
0x7a150000 - 0x7a1cc000 	C:\MATLABr2010a\bin\win32\udd_mi.dll
0x78c20000 - 0x78c37000 	C:\MATLABr2010a\bin\win32\mwoles05.DLL
0x79e70000 - 0x79eb9000 	C:\MATLABr2010a\bin\win32\comcli.dll
0x7c630000 - 0x7c64b000 	C:\WINDOWS\WinSxS\x86_Microsoft.VC80.ATL_1fc8b3b9a1e18e3b_8.0.50727.4053_x-ww_473666fd\ATL80.DLL
0x7b600000 - 0x7b60b000 	C:\MATLABr2010a\bin\win32\mlautoregister.dll
0x76390000 - 0x763ad000 	C:\WINDOWS\system32\IMM32.DLL
0x773d0000 - 0x774d3000 	C:\WINDOWS\WinSxS\x86_Microsoft.Windows.Common-Controls_6595b64144ccf1df_6.0.2600.6028_x-ww_61e65202\comctl32.dll
0x02c90000 - 0x02c9e000 	C:\WINDOWS\WinSxS\x86_Microsoft.VC80.MFCLOC_1fc8b3b9a1e18e3b_8.0.50727.4053_x-ww_0ccc058c\MFC80ENU.DLL
0x02ed0000 - 0x02f08000 	C:\WINDOWS\system32\uxtheme.dll
0x74720000 - 0x7476c000 	C:\WINDOWS\system32\MSCTF.dll
0x755c0000 - 0x755ee000 	C:\WINDOWS\system32\msctfime.ime
0x76d60000 - 0x76d79000 	C:\WINDOWS\system32\iphlpapi.dll
0x74290000 - 0x74294000 	C:\WINDOWS\system32\icmp.Dll
0x71a50000 - 0x71a8f000 	C:\WINDOWS\System32\mswsock.dll
0x76f20000 - 0x76f47000 	C:\WINDOWS\system32\DNSAPI.dll
0x76fb0000 - 0x76fb8000 	C:\WINDOWS\System32\winrnr.dll
0x76f60000 - 0x76f8c000 	C:\WINDOWS\system32\WLDAP32.dll
0x76fc0000 - 0x76fc6000 	C:\WINDOWS\system32\rasadhlp.dll
0x03040000 - 0x03098000 	C:\WINDOWS\system32\hnetcfg.dll
0x71a90000 - 0x71a98000 	C:\WINDOWS\System32\wshtcpip.dll
0x79ae0000 - 0x79d36000 	C:\MATLABr2010a\sys\java\jre\win32\jre\bin\client\jvm.dll
0x76b40000 - 0x76b6d000 	C:\WINDOWS\system32\WINMM.dll
0x7bfc0000 - 0x7c016000 	C:\MATLABr2010a\bin\win32\MSVCR71.dll
0x031b0000 - 0x03251000 	C:\WINDOWS\system32\DBGHELP.dll
0x77c00000 - 0x77c08000 	C:\WINDOWS\system32\VERSION.dll
0x79f70000 - 0x79f78000 	C:\MATLABr2010a\sys\java\jre\win32\jre\bin\hpi.dll
0x79f90000 - 0x79f9c000 	C:\MATLABr2010a\sys\java\jre\win32\jre\bin\verify.dll
0x78cb0000 - 0x78ccf000 	C:\MATLABr2010a\sys\java\jre\win32\jre\bin\java.dll
0x79fa0000 - 0x79faf000 	C:\MATLABr2010a\sys\java\jre\win32\jre\bin\zip.dll
0x798f0000 - 0x79a3a000 	C:\MATLABr2010a\sys\java\jre\win32\jre\bin\awt.dll
0x78c40000 - 0x78c5e000 	C:\MATLABr2010a\bin\win32\nativejava.dll
0x71b20000 - 0x71b32000 	C:\WINDOWS\system32\MPR.dll
0x78c60000 - 0x78c85000 	C:\MATLABr2010a\bin\win32\nativejmi.dll
0x7b650000 - 0x7b65a000 	C:\MATLABr2010a\bin\win32\nativeservices.dll
0x7a020000 - 0x7a074000 	C:\MATLABr2010a\sys\java\jre\win32\jre\bin\fontmanager.dll
0x78cd0000 - 0x78ce3000 	C:\MATLABr2010a\sys\java\jre\win32\jre\bin\net.dll
0x79f80000 - 0x79f89000 	C:\MATLABr2010a\sys\java\jre\win32\jre\bin\nio.dll
0x78300000 - 0x7830c000 	C:\MATLABr2010a\bin\win32\nativelmgr.dll
0x180e0000 - 0x18104000 	C:\MATLABr2010a\sys\java\jre\win32\jre\bin\jpeg.dll
0x78310000 - 0x784a4000 	C:\MATLABr2010a\bin\win32\instutil.dll
0x77b40000 - 0x77b62000 	C:\WINDOWS\system32\appHelp.dll
0x76fd0000 - 0x7704f000 	C:\WINDOWS\system32\CLBCATQ.DLL
0x77050000 - 0x77115000 	C:\WINDOWS\system32\COMRes.dll
0x18290000 - 0x182a8000 	C:\Program Files\Common Files\TortoiseOverlays\TortoiseOverlays.dll
0x182c0000 - 0x182ce000 	C:\Program Files\TortoiseSVN\bin\TortoiseStub.dll
0x182f0000 - 0x183ba000 	C:\Program Files\TortoiseSVN\bin\TortoiseSVN.dll
0x76780000 - 0x76789000 	C:\WINDOWS\system32\SHFOLDER.dll
0x3d930000 - 0x3da16000 	C:\WINDOWS\system32\WININET.dll
0x183d0000 - 0x183d9000 	C:\WINDOWS\system32\Normaliz.dll
0x183e0000 - 0x18513000 	C:\WINDOWS\system32\urlmon.dll
0x3dfd0000 - 0x3e1b8000 	C:\WINDOWS\system32\iertutil.dll

VM Arguments:
jvm_args: -Xss512k -XX:PermSize=32m -Xms64m -XX:NewRatio=3 -XX:MaxPermSize=64m -Xmx128m -XX:MaxDirectMemorySize=1200000000 -Dsun.java2d.noddraw=true -Dsun.awt.nopixfmt=true -Xshare:off -Xrs -Djava.library.path=C:\MATLABr2010a\bin\win32 vfprintf abort 
java_command: <unknown>
Launcher Type: generic

Environment Variables:
PATH=C:\WinAVR\bin;C:\WinAVR\utils\bin;C:\WINDOWS\system32;C:\WINDOWS;C:\WINDOWS\system32\wbem;c:\program files\common files\roxio shared\dllshared\;c:\program files\common files\roxio shared\dllshared\;c:\program files\common files\roxio shared\9.0\dllshared\;62672mmpath11;C:\IFOR\WIN\BIN;C:\IFOR\WIN\BIN\EN_US;c:\Program Files\Microsoft SQL Server\90\Tools\binn\;C:\Program Files\Intel\Compiler\Fortran\9.1\IA32\Bin;C:\Program Files\Intel\IDB\9.1\IA32\Script;C:\PROGRA~1\DISKEE~1\DISKEE~1\;C:\Program Files\mechWildfire 3.0\bin;C:\Program Files\ptchelpWildfire 3.0\bin;C:\Program Files\IVI\bin;C:\VXIPNP\WinNT\Bin;C:\Program Files\Microchip\MPLAB C32 Suite\bin;C:\Program Files\Microchip\MPLAB C30\bin;C:\Program Files\TortoiseSVN\bin;C:\MATLABr2010a\runtime\win32;C:\MATLABr2010a\bin;C:\WINDOWS\system32\WindowsPowerShell\v1.0
USERNAME=meuser
OS=Windows_NT
PROCESSOR_IDENTIFIER=x86 Family 6 Model 15 Stepping 6, GenuineIntel



---------------  S Y S T E M  ---------------

OS: Windows XP Build 2600 Service Pack 3

CPU:total 2 (2 cores per cpu, 1 threads per core) family 6 model 15 stepping 6, cmov, cx8, fxsr, mmx, sse, sse2, sse3, ssse3

Memory: 4k page, physical 2096200k(1055664k free), swap 4032824k(3115412k free)

vm_info: Java HotSpot(TM) Client VM (11.2-b01) for windows-x86 JRE (1.6.0_12-b04), built on Jan 17 2009 09:57:14 by "java_re" with MS VC++ 7.1

time: Wed May 25 18:04:31 2011
elapsed time: 4908 seconds

